<?xml version="1.0" encoding="UTF-8"?>
<!-- Generated by org.testng.reporters.JUnitXMLReporter -->
<testsuite hostname="Lenovo-PC" ignored="0" name="Default test" tests="4" failures="0" timestamp="29 Apr 2020 21:21:56 GMT" time="40.225" errors="0">
  <testcase name="verifyContactsPageTitle" time="0.015" classname="com.qa.hubspot.test.ContactsPageTest"/>
  <testcase name="createNewContactTest" time="7.236" classname="com.qa.hubspot.test.ContactsPageTest"/>
  <testcase name="createNewContactTest" time="7.592" classname="com.qa.hubspot.test.ContactsPageTest"/>
  <testcase name="createNewContactTest" time="6.008" classname="com.qa.hubspot.test.ContactsPageTest"/>
</testsuite> <!-- Default test -->
