<?xml version="1.0" encoding="UTF-8"?>
<!-- Generated by org.testng.reporters.JUnitXMLReporter -->
<testsuite hostname="Lenovo-PC" ignored="0" name="Command line test" tests="6" failures="2" timestamp="26 Apr 2020 20:12:36 GMT" time="30.309" errors="0">
  <testcase name="verifyHomePageTitleTest" time="0.507" classname="com.qa.hubspot.test.HomePageTest"/>
  <testcase name="verifyLoginPageTitleTest" time="0.02" classname="com.qa.hubspot.test.LoginPageTest"/>
  <testcase name="verifyHomePageHeaderTest" time="0.136" classname="com.qa.hubspot.test.HomePageTest"/>
  <testcase name="verifySignUpLinkTest" time="0.039" classname="com.qa.hubspot.test.LoginPageTest"/>
  <testcase name="verifyLoggedInUserTest" time="0.071" classname="com.qa.hubspot.test.HomePageTest">
    <failure type="java.lang.AssertionError" message="expected [Manhattan] but found [null]">
      <![CDATA[java.lang.AssertionError: expected [Manhattan] but found [null]
at com.qa.hubspot.test.HomePageTest.verifyLoggedInUserTest(HomePageTest.java:54)
... Removed 41 stack frames]]>
    </failure>
  </testcase> <!-- verifyLoggedInUserTest -->
  <testcase name="verifyLoginTest" time="2.193" classname="com.qa.hubspot.test.LoginPageTest">
    <failure type="java.lang.AssertionError" message="Login failed expected [Manhattan] but found [null]">
      <![CDATA[java.lang.AssertionError: Login failed expected [Manhattan] but found [null]
at com.qa.hubspot.test.LoginPageTest.verifyLoginTest(LoginPageTest.java:50)
... Removed 40 stack frames]]>
    </failure>
  </testcase> <!-- verifyLoginTest -->
</testsuite> <!-- Command line test -->
